<?xml version="1.0" encoding="UTF-8"?>
<!-- Generated by org.testng.reporters.JUnitXMLReporter -->
<testsuite hostname="LAPTOP-FDRN7VTA" ignored="1" name="Test" tests="3" failures="0" timestamp="2023-05-04T17:18:56 IST" time="26.07" errors="0">
  <testcase name="validatePlanPriceCurrencyForCountry" time="5.712" classname="subscription.PlanValidationTest"/>
  <testcase name="validatePlanPriceCurrencyForCountry" time="5.666" classname="subscription.PlanValidationTest"/>
  <testcase name="validatePlanPriceCurrencyForCountry" time="6.007" classname="subscription.PlanValidationTest"/>
  <testcase name="@BeforeSuite readProperties" time="0.0" classname="pageObjects.BaseTest">
    <ignored/>
  </testcase> <!-- @BeforeSuite readProperties -->
</testsuite> <!-- Test -->
