<?xml version="1.0" encoding="UTF-8"?>
<testng-results ignored="0" total="1" passed="1" failed="0" skipped="0">
  <reporter-output>
  </reporter-output>
  <suite started-at="2023-12-21T12:10:55 IST" name="Suite" finished-at="2023-12-21T12:10:58 IST" duration-ms="2677">
    <groups>
    </groups>
    <test started-at="2023-12-21T12:10:55 IST" name="Test" finished-at="2023-12-21T12:10:58 IST" duration-ms="2677">
      <class name="subscription.NewTest">
        <test-method signature="f()[pri:0, instance:subscription.NewTest@795cd85e]" started-at="2023-12-21T12:10:55 IST" name="f" finished-at="2023-12-21T12:10:58 IST" duration-ms="2640" status="PASS">
          <reporter-output>
          </reporter-output>
        </test-method> <!-- f -->
      </class> <!-- subscription.NewTest -->
    </test> <!-- Test -->
  </suite> <!-- Suite -->
</testng-results>
