<?xml version="1.0" encoding="UTF-8"?>
<testng-results skipped="0" failed="0" ignored="1" total="4" passed="3">
  <reporter-output>
  </reporter-output>
  <suite name="Suite" duration-ms="22701" started-at="2023-05-04T16:23:57 IST" finished-at="2023-05-04T16:24:19 IST">
    <groups>
    </groups>
    <test name="Test" duration-ms="22701" started-at="2023-05-04T16:23:57 IST" finished-at="2023-05-04T16:24:19 IST">
      <class name="pageObjects.BaseTest">
        <test-method status="PASS" signature="readProperties()[pri:0, instance:pageObjects.BaseTest@306279ee]" name="readProperties" is-config="true" duration-ms="5" started-at="2023-05-04T16:23:57 IST" finished-at="2023-05-04T16:23:57 IST">
          <reporter-output>
          </reporter-output>
        </test-method> <!-- readProperties -->
      </class> <!-- pageObjects.BaseTest -->
      <class name="subscription.PlanValidationTest">
        <test-method status="PASS" signature="setUp()[pri:0, instance:subscription.PlanValidationTest@5204062d]" name="setUp" is-config="true" duration-ms="6200" started-at="2023-05-04T16:23:57 IST" finished-at="2023-05-04T16:24:03 IST">
          <reporter-output>
          </reporter-output>
        </test-method> <!-- setUp -->
        <test-method status="PASS" signature="validatePlanPriceCurrencyForCountry(java.lang.String,java.lang.String,java.lang.String,java.lang.String)[pri:0, instance:subscription.PlanValidationTest@5204062d]" name="validatePlanPriceCurrencyForCountry" duration-ms="5534" started-at="2023-05-04T16:24:03 IST" data-provider="excelData" finished-at="2023-05-04T16:24:09 IST">
          <params>
            <param index="0">
              <value>
                <![CDATA[Saudiarabia]]>
              </value>
            </param>
            <param index="1">
              <value>
                <![CDATA[lite]]>
              </value>
            </param>
            <param index="2">
              <value>
                <![CDATA[15]]>
              </value>
            </param>
            <param index="3">
              <value>
                <![CDATA[SAR]]>
              </value>
            </param>
          </params>
          <reporter-output>
          </reporter-output>
        </test-method> <!-- validatePlanPriceCurrencyForCountry -->
        <test-method status="PASS" signature="validatePlanPriceCurrencyForCountry(java.lang.String,java.lang.String,java.lang.String,java.lang.String)[pri:0, instance:subscription.PlanValidationTest@5204062d]" name="validatePlanPriceCurrencyForCountry" duration-ms="5290" started-at="2023-05-04T16:24:09 IST" data-provider="excelData" finished-at="2023-05-04T16:24:14 IST">
          <params>
            <param index="0">
              <value>
                <![CDATA[Kuwait]]>
              </value>
            </param>
            <param index="1">
              <value>
                <![CDATA[lite]]>
              </value>
            </param>
            <param index="2">
              <value>
                <![CDATA[1.2]]>
              </value>
            </param>
            <param index="3">
              <value>
                <![CDATA[KWD]]>
              </value>
            </param>
          </params>
          <reporter-output>
          </reporter-output>
        </test-method> <!-- validatePlanPriceCurrencyForCountry -->
        <test-method status="PASS" signature="validatePlanPriceCurrencyForCountry(java.lang.String,java.lang.String,java.lang.String,java.lang.String)[pri:0, instance:subscription.PlanValidationTest@5204062d]" name="validatePlanPriceCurrencyForCountry" duration-ms="4606" started-at="2023-05-04T16:24:14 IST" data-provider="excelData" finished-at="2023-05-04T16:24:19 IST">
          <params>
            <param index="0">
              <value>
                <![CDATA[Baharin]]>
              </value>
            </param>
            <param index="1">
              <value>
                <![CDATA[classic]]>
              </value>
            </param>
            <param index="2">
              <value>
                <![CDATA[3]]>
              </value>
            </param>
            <param index="3">
              <value>
                <![CDATA[BHD]]>
              </value>
            </param>
          </params>
          <reporter-output>
          </reporter-output>
        </test-method> <!-- validatePlanPriceCurrencyForCountry -->
        <test-method status="PASS" signature="closeBrowser()[pri:0, instance:subscription.PlanValidationTest@5204062d]" name="closeBrowser" is-config="true" duration-ms="621" started-at="2023-05-04T16:24:19 IST" finished-at="2023-05-04T16:24:19 IST">
          <reporter-output>
          </reporter-output>
        </test-method> <!-- closeBrowser -->
      </class> <!-- subscription.PlanValidationTest -->
    </test> <!-- Test -->
  </suite> <!-- Suite -->
</testng-results>
